This is pdfTeX, Version 3.14159265-2.6-1.40.19 (TeX Live 2018) (preloaded format=pdflatex 2018.8.21)  30 JUL 2019 16:04
entering extended mode
 restricted \write18 enabled.
 %&-line parsing enabled.
**../r.tex
(../r.tex
LaTeX2e <2018-04-01> patch level 2
Babel <3.18> and hyphenation patterns for 22 language(s) loaded.

! LaTeX Error: File `moderncv.cls' not found.

Type X to quit or <RETURN> to proceed,
or enter new name. (Default extension: cls)

Enter file name: 
! Emergency stop.
<read *> 
         
l.2 \moderncvstyle
                  {oldstyle}^^M
End of file on the terminal!

 
Here is how much of TeX's memory you used:
 12 strings out of 494091
 184 string characters out of 6163523
 52728 words of memory out of 5000000
 3784 multiletter control sequences out of 15000+600000
 3640 words of font info for 14 fonts, out of 8000000 for 9000
 319 hyphenation exceptions out of 8191
 10i,0n,8p,54b,8s stack positions out of 5000i,500n,10000p,200000b,80000s
!  ==> Fatal error occurred, no output PDF file produced!
